Build started 1/10/2014 4:34:54 PM.
     1>Project "C:\Users\ammcdonough2\fj-gl\fj-gl32\fj-gl32\fj-gl32.vcxproj" on node 2 (build target(s)).
     1>InitializeBuildStatus:
         Creating "Release\fj-gl32.unsuccessfulbuild" because "AlwaysCreate" was specified.
       ClCompile:
         c:\Program Files\Microsoft Visual Studio 10.0\VC\bin\CL.exe /c /Zi /nologo /W3 /WX- /O2 /Oi /Ot /Oy- /GL /D _WINDLL /D _UNICODE /D UNICODE /Gm- /EHsc /MD /GS /Gy /fp:precise /Zc:wchar_t /Zc:forScope /Fo"Release\\" /Fd"Release\vc100.pdb" /Gd /TP /analyze- /errorReport:prompt window.cpp
         window.cpp
       Link:
         c:\Program Files\Microsoft Visual Studio 10.0\VC\bin\link.exe /ERRORREPORT:PROMPT /OUT:"C:\Users\ammcdonough2\fj-gl\fj-gl32\Release\fj-gl32.dll" /NOLOGO fltk.lib OpenGL32.lib kernel32.lib user32.lib gdi32.lib winspool.lib comdlg32.lib advapi32.lib shell32.lib ole32.lib oleaut32.lib uuid.lib odbc32.lib odbccp32.lib /MANIFEST /ManifestFile:"Release\fj-gl32.dll.intermediate.manifest" /MANIFESTUAC:NO /DEBUG /PDB:"C:\Users\ammcdonough2\fj-gl\fj-gl32\Release\fj-gl32.pdb" /OPT:REF /OPT:ICF /LTCG /TLBID:1 /DYNAMICBASE /NXCOMPAT /IMPLIB:"C:\Users\ammcdonough2\fj-gl\fj-gl32\Release\fj-gl32.lib" /MACHINE:X86 /CLRUNMANAGEDCODECHECK:NO /SAFESEH:NO /DLL Release\window.obj
         Generating code
         Finished generating code
         fj-gl32.vcxproj -> C:\Users\ammcdonough2\fj-gl\fj-gl32\Release\fj-gl32.dll
       Manifest:
         C:\Program Files\Microsoft SDKs\Windows\v7.0A\bin\mt.exe /nologo /verbose /outputresource:"C:\Users\ammcdonough2\fj-gl\fj-gl32\Release\fj-gl32.dll;#2" /manifest "Release\fj-gl32.dll.intermediate.manifest"
       FinalizeBuildStatus:
         Deleting file "Release\fj-gl32.unsuccessfulbuild".
         Touching "Release\fj-gl32.lastbuildstate".
     1>Done Building Project "C:\Users\ammcdonough2\fj-gl\fj-gl32\fj-gl32\fj-gl32.vcxproj" (build target(s)).

Build succeeded.

Time Elapsed 00:00:02.78
